<?xml version="1.0" encoding="UTF-8" ?>
<testsuite tests="6" failures="0" name="testrunner.TestRunner" time="38.646" errors="0" skipped="0">
  <properties>
[...]
</properties>
  <testcase classname="Basic Search Flow" name="Verify the availability of seats and its display message." time="11.397"/>
  <testcase classname="Basic Search Flow" name="Verify the unavailability of seats and its display message" time="5.761"/>
  <testcase classname="Basic Search Flow" name="Verify the message when the return dates are invalid" time="5.777"/>
  <testcase classname="Basic Search Flow" name="Verify the user is able to go back to the flight search from anywhere on the site" time="3.971"/>
  <testcase classname="Basic Search Flow" name="Verify the promotional code and the message once it is applied #1" time="5.182"/>
  <testcase classname="Basic Search Flow" name="Verify the promotional code and the message once it is applied #2" time="6.558"/>
</testsuite>